 
****************************************
Report : area
Design : top
Version: Q-2019.12
Date   : Sat Dec 14 15:08:11 2024
****************************************

Library(s) Used:

    fast (File: /cad/CBDK/CBDK_IC_Contest_v2.5/SynopsysDC/db/fast.db)
    SRAM_DP_test5 (File: /home/ic_contest/yuan/report_data_1128/SRAM_DP_test5.db)
    sram_dp_512_32 (File: /home/ic_contest/yuan/report_data_1128/SRAM_DP_512x32.db)

Number of ports:                          147
Number of nets:                          8558
Number of cells:                         6332
Number of combinational cells:           5950
Number of sequential cells:               369
Number of macros/black boxes:               9
Number of buf/inv:                       1162
Number of references:                     103

Combinational area:              83736.138599
Buf/Inv area:                     4958.105364
Noncombinational area:           12616.774395
Macro/Black Box area:          3289899.515625
Net Interconnect area:          745690.419312

Total cell area:               3386252.428619
Total area:                    4131942.847930
1
